<?xml version="1.0" encoding="UTF-8" ?>
<testsuite failures="0" time="2.995" errors="0" skipped="0" tests="1" name="com.abebooks.parsing.TermCountServiceTest">
  <properties>
    <property name="java.runtime.name" value="Java(TM) SE Runtime Environment"/>
    <property name="sun.boot.library.path" value="c:\apps\jdk\jdk1.6.0_12\jre\bin"/>
    <property name="java.vm.version" value="11.2-b01"/>
    <property name="java.vm.vendor" value="Sun Microsystems Inc."/>
    <property name="java.vendor.url" value="http://java.sun.com/"/>
    <property name="path.separator" value=";"/>
    <property name="java.vm.name" value="Java HotSpot(TM) Client VM"/>
    <property name="file.encoding.pkg" value="sun.io"/>
    <property name="user.country" value="US"/>
    <property name="sun.java.launcher" value="SUN_STANDARD"/>
    <property name="sun.os.patch.level" value="Service Pack 1"/>
    <property name="java.vm.specification.name" value="Java Virtual Machine Specification"/>
    <property name="user.dir" value="C:\mywork\workspace\HowardShen"/>
    <property name="java.runtime.version" value="1.6.0_12-b04"/>
    <property name="java.awt.graphicsenv" value="sun.awt.Win32GraphicsEnvironment"/>
    <property name="basedir" value="C:\mywork\workspace\HowardShen"/>
    <property name="java.endorsed.dirs" value="c:\apps\jdk\jdk1.6.0_12\jre\lib\endorsed"/>
    <property name="os.arch" value="x86"/>
    <property name="surefire.real.class.path" value="C:\Users\ehaijsu\AppData\Local\Temp\surefirebooter2304501528513291501.jar"/>
    <property name="java.io.tmpdir" value="C:\Users\ehaijsu\AppData\Local\Temp\"/>
    <property name="line.separator" value="
"/>
    <property name="java.vm.specification.vendor" value="Sun Microsystems Inc."/>
    <property name="user.variant" value=""/>
    <property name="os.name" value="Windows Vista"/>
    <property name="sun.jnu.encoding" value="GBK"/>
    <property name="java.library.path" value="c:\apps\jdk\jdk1.6.0_12\jre\bin;.;C:\Windows\Sun\Java\bin;C:\Windows\system32;C:\Windows;C:\WINDOWS\system32\bsh\bin;c:\apps\apache-maven-2.2.1\bin;c:\apps\jdk\jdk1.6.0_12\bin;c:\apps\mysql-5.1.31-win32\bin;c:\apps\pgsql-8.3.1\bin;c:\apps\svn-win32-1.5.5\bin;c:\apps\dostools;c:\apps\Apache2.2\bin;c:\mywork;C:\Program Files\Common Files\NetSarang;C:\Windows\system32;C:\Windows;C:\Windows\System32\Wbem;C:\Program Files\Common Files\Thunder Network\KanKan\Codecs\"/>
    <property name="surefire.test.class.path" value="C:\mywork\workspace\HowardShen\target\test-classes;C:\mywork\workspace\HowardShen\target\classes;C:\Users\ehaijsu\.m2\repository\hsqldb\hsqldb\1.8.0.10\hsqldb-1.8.0.10.jar;C:\Users\ehaijsu\.m2\repository\org\springframework\spring-beans\3.0.2.RELEASE\spring-beans-3.0.2.RELEASE.jar;C:\Users\ehaijsu\.m2\repository\org\springframework\spring-core\3.0.2.RELEASE\spring-core-3.0.2.RELEASE.jar;C:\Users\ehaijsu\.m2\repository\org\springframework\spring-asm\3.0.2.RELEASE\spring-asm-3.0.2.RELEASE.jar;C:\Users\ehaijsu\.m2\repository\commons-logging\commons-logging\1.1\commons-logging-1.1.jar;C:\Users\ehaijsu\.m2\repository\org\springframework\spring-jdbc\3.0.2.RELEASE\spring-jdbc-3.0.2.RELEASE.jar;C:\Users\ehaijsu\.m2\repository\org\springframework\spring-tx\3.0.2.RELEASE\spring-tx-3.0.2.RELEASE.jar;C:\Users\ehaijsu\.m2\repository\aopalliance\aopalliance\1.0\aopalliance-1.0.jar;C:\Users\ehaijsu\.m2\repository\org\springframework\spring-aop\3.0.2.RELEASE\spring-aop-3.0.2.RELEASE.jar;C:\Users\ehaijsu\.m2\repository\org\springframework\spring-context\2.5.2\spring-context-2.5.2.jar;C:\Users\ehaijsu\.m2\repository\org\springframework\spring-expression\3.0.2.RELEASE\spring-expression-3.0.2.RELEASE.jar;C:\Users\ehaijsu\.m2\repository\commons-dbcp\commons-dbcp\1.4\commons-dbcp-1.4.jar;C:\Users\ehaijsu\.m2\repository\commons-pool\commons-pool\1.5.4\commons-pool-1.5.4.jar;C:\Users\ehaijsu\.m2\repository\commons-collections\commons-collections\3.2.1\commons-collections-3.2.1.jar;C:\Users\ehaijsu\.m2\repository\junit\junit\4.8.1\junit-4.8.1.jar;C:\Users\ehaijsu\.m2\repository\org\unitils\unitils-spring\3.1\unitils-spring-3.1.jar;C:\Users\ehaijsu\.m2\repository\org\unitils\unitils-core\3.1\unitils-core-3.1.jar;C:\Users\ehaijsu\.m2\repository\commons-lang\commons-lang\2.3\commons-lang-2.3.jar;C:\Users\ehaijsu\.m2\repository\ognl\ognl\2.6.9\ognl-2.6.9.jar;C:\Users\ehaijsu\.m2\repository\org\springframework\spring-test\2.5.2\spring-test-2.5.2.jar;C:\Users\ehaijsu\.m2\repository\org\unitils\unitils-database\3.1\unitils-database-3.1.jar;C:\Users\ehaijsu\.m2\repository\org\unitils\unitils-dbmaintainer\3.1\unitils-dbmaintainer-3.1.jar;C:\Users\ehaijsu\.m2\repository\org\hibernate\hibernate\3.2.5.ga\hibernate-3.2.5.ga.jar;C:\Users\ehaijsu\.m2\repository\net\sf\ehcache\ehcache\1.2.3\ehcache-1.2.3.jar;C:\Users\ehaijsu\.m2\repository\javax\transaction\jta\1.0.1B\jta-1.0.1B.jar;C:\Users\ehaijsu\.m2\repository\asm\asm-attrs\1.5.3\asm-attrs-1.5.3.jar;C:\Users\ehaijsu\.m2\repository\dom4j\dom4j\1.6.1\dom4j-1.6.1.jar;C:\Users\ehaijsu\.m2\repository\antlr\antlr\2.7.6\antlr-2.7.6.jar;C:\Users\ehaijsu\.m2\repository\cglib\cglib\2.1_3\cglib-2.1_3.jar;C:\Users\ehaijsu\.m2\repository\asm\asm\1.5.3\asm-1.5.3.jar;C:\Users\ehaijsu\.m2\repository\org\dbunit\dbunit\2.2.2\dbunit-2.2.2.jar;C:\Users\ehaijsu\.m2\repository\junit-addons\junit-addons\1.4\junit-addons-1.4.jar;C:\Users\ehaijsu\.m2\repository\xerces\xercesImpl\2.6.2\xercesImpl-2.6.2.jar;C:\Users\ehaijsu\.m2\repository\xerces\xmlParserAPIs\2.6.2\xmlParserAPIs-2.6.2.jar;C:\Users\ehaijsu\.m2\repository\poi\poi\2.5.1-final-20040804\poi-2.5.1-final-20040804.jar;C:\Users\ehaijsu\.m2\repository\org\slf4j\slf4j-api\1.4.3\slf4j-api-1.4.3.jar;C:\Users\ehaijsu\.m2\repository\org\slf4j\slf4j-nop\1.4.3\slf4j-nop-1.4.3.jar;"/>
    <property name="java.specification.name" value="Java Platform API Specification"/>
    <property name="java.class.version" value="50.0"/>
    <property name="sun.management.compiler" value="HotSpot Client Compiler"/>
    <property name="os.version" value="6.0"/>
    <property name="user.home" value="C:\Users\ehaijsu"/>
    <property name="user.timezone" value="Asia/Shanghai"/>
    <property name="java.awt.printerjob" value="sun.awt.windows.WPrinterJob"/>
    <property name="java.specification.version" value="1.6"/>
    <property name="file.encoding" value="Cp1252"/>
    <property name="user.name" value="ehaijsu"/>
    <property name="java.class.path" value="C:\mywork\workspace\HowardShen\target\test-classes;C:\mywork\workspace\HowardShen\target\classes;C:\Users\ehaijsu\.m2\repository\hsqldb\hsqldb\1.8.0.10\hsqldb-1.8.0.10.jar;C:\Users\ehaijsu\.m2\repository\org\springframework\spring-beans\3.0.2.RELEASE\spring-beans-3.0.2.RELEASE.jar;C:\Users\ehaijsu\.m2\repository\org\springframework\spring-core\3.0.2.RELEASE\spring-core-3.0.2.RELEASE.jar;C:\Users\ehaijsu\.m2\repository\org\springframework\spring-asm\3.0.2.RELEASE\spring-asm-3.0.2.RELEASE.jar;C:\Users\ehaijsu\.m2\repository\commons-logging\commons-logging\1.1\commons-logging-1.1.jar;C:\Users\ehaijsu\.m2\repository\org\springframework\spring-jdbc\3.0.2.RELEASE\spring-jdbc-3.0.2.RELEASE.jar;C:\Users\ehaijsu\.m2\repository\org\springframework\spring-tx\3.0.2.RELEASE\spring-tx-3.0.2.RELEASE.jar;C:\Users\ehaijsu\.m2\repository\aopalliance\aopalliance\1.0\aopalliance-1.0.jar;C:\Users\ehaijsu\.m2\repository\org\springframework\spring-aop\3.0.2.RELEASE\spring-aop-3.0.2.RELEASE.jar;C:\Users\ehaijsu\.m2\repository\org\springframework\spring-context\2.5.2\spring-context-2.5.2.jar;C:\Users\ehaijsu\.m2\repository\org\springframework\spring-expression\3.0.2.RELEASE\spring-expression-3.0.2.RELEASE.jar;C:\Users\ehaijsu\.m2\repository\commons-dbcp\commons-dbcp\1.4\commons-dbcp-1.4.jar;C:\Users\ehaijsu\.m2\repository\commons-pool\commons-pool\1.5.4\commons-pool-1.5.4.jar;C:\Users\ehaijsu\.m2\repository\commons-collections\commons-collections\3.2.1\commons-collections-3.2.1.jar;C:\Users\ehaijsu\.m2\repository\junit\junit\4.8.1\junit-4.8.1.jar;C:\Users\ehaijsu\.m2\repository\org\unitils\unitils-spring\3.1\unitils-spring-3.1.jar;C:\Users\ehaijsu\.m2\repository\org\unitils\unitils-core\3.1\unitils-core-3.1.jar;C:\Users\ehaijsu\.m2\repository\commons-lang\commons-lang\2.3\commons-lang-2.3.jar;C:\Users\ehaijsu\.m2\repository\ognl\ognl\2.6.9\ognl-2.6.9.jar;C:\Users\ehaijsu\.m2\repository\org\springframework\spring-test\2.5.2\spring-test-2.5.2.jar;C:\Users\ehaijsu\.m2\repository\org\unitils\unitils-database\3.1\unitils-database-3.1.jar;C:\Users\ehaijsu\.m2\repository\org\unitils\unitils-dbmaintainer\3.1\unitils-dbmaintainer-3.1.jar;C:\Users\ehaijsu\.m2\repository\org\hibernate\hibernate\3.2.5.ga\hibernate-3.2.5.ga.jar;C:\Users\ehaijsu\.m2\repository\net\sf\ehcache\ehcache\1.2.3\ehcache-1.2.3.jar;C:\Users\ehaijsu\.m2\repository\javax\transaction\jta\1.0.1B\jta-1.0.1B.jar;C:\Users\ehaijsu\.m2\repository\asm\asm-attrs\1.5.3\asm-attrs-1.5.3.jar;C:\Users\ehaijsu\.m2\repository\dom4j\dom4j\1.6.1\dom4j-1.6.1.jar;C:\Users\ehaijsu\.m2\repository\antlr\antlr\2.7.6\antlr-2.7.6.jar;C:\Users\ehaijsu\.m2\repository\cglib\cglib\2.1_3\cglib-2.1_3.jar;C:\Users\ehaijsu\.m2\repository\asm\asm\1.5.3\asm-1.5.3.jar;C:\Users\ehaijsu\.m2\repository\org\dbunit\dbunit\2.2.2\dbunit-2.2.2.jar;C:\Users\ehaijsu\.m2\repository\junit-addons\junit-addons\1.4\junit-addons-1.4.jar;C:\Users\ehaijsu\.m2\repository\xerces\xercesImpl\2.6.2\xercesImpl-2.6.2.jar;C:\Users\ehaijsu\.m2\repository\xerces\xmlParserAPIs\2.6.2\xmlParserAPIs-2.6.2.jar;C:\Users\ehaijsu\.m2\repository\poi\poi\2.5.1-final-20040804\poi-2.5.1-final-20040804.jar;C:\Users\ehaijsu\.m2\repository\org\slf4j\slf4j-api\1.4.3\slf4j-api-1.4.3.jar;C:\Users\ehaijsu\.m2\repository\org\slf4j\slf4j-nop\1.4.3\slf4j-nop-1.4.3.jar;"/>
    <property name="java.vm.specification.version" value="1.0"/>
    <property name="sun.arch.data.model" value="32"/>
    <property name="java.home" value="c:\apps\jdk\jdk1.6.0_12\jre"/>
    <property name="java.specification.vendor" value="Sun Microsystems Inc."/>
    <property name="user.language" value="en"/>
    <property name="awt.toolkit" value="sun.awt.windows.WToolkit"/>
    <property name="java.vm.info" value="mixed mode"/>
    <property name="java.version" value="1.6.0_12"/>
    <property name="java.ext.dirs" value="c:\apps\jdk\jdk1.6.0_12\jre\lib\ext;C:\Windows\Sun\Java\lib\ext"/>
    <property name="sun.boot.class.path" value="c:\apps\jdk\jdk1.6.0_12\jre\lib\resources.jar;c:\apps\jdk\jdk1.6.0_12\jre\lib\rt.jar;c:\apps\jdk\jdk1.6.0_12\jre\lib\sunrsasign.jar;c:\apps\jdk\jdk1.6.0_12\jre\lib\jsse.jar;c:\apps\jdk\jdk1.6.0_12\jre\lib\jce.jar;c:\apps\jdk\jdk1.6.0_12\jre\lib\charsets.jar;c:\apps\jdk\jdk1.6.0_12\jre\classes"/>
    <property name="java.vendor" value="Sun Microsystems Inc."/>
    <property name="localRepository" value="C:\Users\ehaijsu\.m2\repository"/>
    <property name="file.separator" value="\"/>
    <property name="java.vendor.url.bug" value="http://java.sun.com/cgi-bin/bugreport.cgi"/>
    <property name="sun.cpu.endian" value="little"/>
    <property name="sun.io.unicode.encoding" value="UnicodeLittle"/>
    <property name="sun.desktop" value="windows"/>
    <property name="sun.cpu.isalist" value="pentium_pro+mmx pentium_pro pentium+mmx pentium i486 i386 i86"/>
  </properties>
  <testcase time="2.849" classname="com.abebooks.parsing.TermCountServiceTest" name="countTermsIntegrationTest"/>
</testsuite>